  ANDROID_HOME=C:\Program Files (x86)\Android\android-sdk
  ANT_HOME=C:\Program Files (x86)\Microsoft Visual Studio 14.0\Apps\apache-ant-1.9.3\
  JAVA_HOME=C:\Program Files (x86)\Java\jdk1.7.0_55
  NDK_ROOT=C:\ProgramData\Microsoft\AndroidNDK64\android-ndk-r13
  jaricom.c
  jcapimin.c
  jcapistd.c
  jcarith.c
  jccoefct.c
  jccolor.c
  jcdctmgr.c
  jchuff.c
  jcinit.c
  jcmainct.c
  jcmarker.c
  jcmaster.c
  jcomapi.c
  jcparam.c
  jcphuff.c
  jcprepct.c
  jcsample.c
  jctrans.c
  jdapimin.c
  jdapistd.c
  jdarith.c
  jdatadst-tj.c
  jdatadst.c
  jdatasrc-tj.c
  jdatasrc.c
  jdcoefct.c
  jdcolor.c
  jddctmgr.c
  jdhuff.c
  jdinput.c
  jdmainct.c
  jdmarker.c
  jdmaster.c
  jdmerge.c
  jdphuff.c
  jdpostct.c
  jdsample.c
  jdtrans.c
  jerror.c
  jfdctflt.c
  jfdctfst.c
  jfdctint.c
  jidctflt.c
  jidctfst.c
  jidctint.c
  jidctred.c
  jmemmgr.c
  jmemnobs.c
  jquant1.c
  jquant2.c
  jutils.c
  transupp.c
  turbojpeg.c
  C:\ProgramData\Microsoft\AndroidNDK64\android-ndk-r13\toolchains\arm-linux-androideabi-4.9\prebuilt\windows-x86_64\bin\arm-linux-androideabi-ar.exe: creating C:\Users\scott\Documents\GitHub\Libjpeg-turbo-VS\Output\ARM\Debug\liblibjpeg_turbo_arm.a
  libjpeg-turbo-arm.vcxproj -> C:\Users\scott\Documents\GitHub\Libjpeg-turbo-VS\Output\ARM\Debug\liblibjpeg_turbo_arm.a
