c:\users\scott\documents\github\libjpeg-turbo-vs\output\arm\debug\liblibjpeg_turbo_arm.a
c:\users\scott\documents\github\libjpeg-turbo-vs\output\arm\debug\liblibjpeg_turbo_arm.a.recipe
c:\users\scott\documents\github\libjpeg-turbo-vs\intermediate\arm\debug\libjpeg-turbo-arm\jaricom.o
c:\users\scott\documents\github\libjpeg-turbo-vs\intermediate\arm\debug\libjpeg-turbo-arm\jcapimin.o
c:\users\scott\documents\github\libjpeg-turbo-vs\intermediate\arm\debug\libjpeg-turbo-arm\jcapistd.o
c:\users\scott\documents\github\libjpeg-turbo-vs\intermediate\arm\debug\libjpeg-turbo-arm\jcarith.o
c:\users\scott\documents\github\libjpeg-turbo-vs\intermediate\arm\debug\libjpeg-turbo-arm\jccoefct.o
c:\users\scott\documents\github\libjpeg-turbo-vs\intermediate\arm\debug\libjpeg-turbo-arm\jccolor.o
c:\users\scott\documents\github\libjpeg-turbo-vs\intermediate\arm\debug\libjpeg-turbo-arm\jcdctmgr.o
c:\users\scott\documents\github\libjpeg-turbo-vs\intermediate\arm\debug\libjpeg-turbo-arm\jchuff.o
c:\users\scott\documents\github\libjpeg-turbo-vs\intermediate\arm\debug\libjpeg-turbo-arm\jcinit.o
c:\users\scott\documents\github\libjpeg-turbo-vs\intermediate\arm\debug\libjpeg-turbo-arm\jcmainct.o
c:\users\scott\documents\github\libjpeg-turbo-vs\intermediate\arm\debug\libjpeg-turbo-arm\jcmarker.o
c:\users\scott\documents\github\libjpeg-turbo-vs\intermediate\arm\debug\libjpeg-turbo-arm\jcmaster.o
c:\users\scott\documents\github\libjpeg-turbo-vs\intermediate\arm\debug\libjpeg-turbo-arm\jcomapi.o
c:\users\scott\documents\github\libjpeg-turbo-vs\intermediate\arm\debug\libjpeg-turbo-arm\jcparam.o
c:\users\scott\documents\github\libjpeg-turbo-vs\intermediate\arm\debug\libjpeg-turbo-arm\jcphuff.o
c:\users\scott\documents\github\libjpeg-turbo-vs\intermediate\arm\debug\libjpeg-turbo-arm\jcprepct.o
c:\users\scott\documents\github\libjpeg-turbo-vs\intermediate\arm\debug\libjpeg-turbo-arm\jcsample.o
c:\users\scott\documents\github\libjpeg-turbo-vs\intermediate\arm\debug\libjpeg-turbo-arm\jctrans.o
c:\users\scott\documents\github\libjpeg-turbo-vs\intermediate\arm\debug\libjpeg-turbo-arm\jdapimin.o
c:\users\scott\documents\github\libjpeg-turbo-vs\intermediate\arm\debug\libjpeg-turbo-arm\jdapistd.o
c:\users\scott\documents\github\libjpeg-turbo-vs\intermediate\arm\debug\libjpeg-turbo-arm\jdarith.o
c:\users\scott\documents\github\libjpeg-turbo-vs\intermediate\arm\debug\libjpeg-turbo-arm\jdatadst-tj.o
c:\users\scott\documents\github\libjpeg-turbo-vs\intermediate\arm\debug\libjpeg-turbo-arm\jdatadst.o
c:\users\scott\documents\github\libjpeg-turbo-vs\intermediate\arm\debug\libjpeg-turbo-arm\jdatasrc-tj.o
c:\users\scott\documents\github\libjpeg-turbo-vs\intermediate\arm\debug\libjpeg-turbo-arm\jdatasrc.o
c:\users\scott\documents\github\libjpeg-turbo-vs\intermediate\arm\debug\libjpeg-turbo-arm\jdcoefct.o
c:\users\scott\documents\github\libjpeg-turbo-vs\intermediate\arm\debug\libjpeg-turbo-arm\jdcolor.o
c:\users\scott\documents\github\libjpeg-turbo-vs\intermediate\arm\debug\libjpeg-turbo-arm\jddctmgr.o
c:\users\scott\documents\github\libjpeg-turbo-vs\intermediate\arm\debug\libjpeg-turbo-arm\jdhuff.o
c:\users\scott\documents\github\libjpeg-turbo-vs\intermediate\arm\debug\libjpeg-turbo-arm\jdinput.o
c:\users\scott\documents\github\libjpeg-turbo-vs\intermediate\arm\debug\libjpeg-turbo-arm\jdmainct.o
c:\users\scott\documents\github\libjpeg-turbo-vs\intermediate\arm\debug\libjpeg-turbo-arm\jdmarker.o
c:\users\scott\documents\github\libjpeg-turbo-vs\intermediate\arm\debug\libjpeg-turbo-arm\jdmaster.o
c:\users\scott\documents\github\libjpeg-turbo-vs\intermediate\arm\debug\libjpeg-turbo-arm\jdmerge.o
c:\users\scott\documents\github\libjpeg-turbo-vs\intermediate\arm\debug\libjpeg-turbo-arm\jdphuff.o
c:\users\scott\documents\github\libjpeg-turbo-vs\intermediate\arm\debug\libjpeg-turbo-arm\jdpostct.o
c:\users\scott\documents\github\libjpeg-turbo-vs\intermediate\arm\debug\libjpeg-turbo-arm\jdsample.o
c:\users\scott\documents\github\libjpeg-turbo-vs\intermediate\arm\debug\libjpeg-turbo-arm\jdtrans.o
c:\users\scott\documents\github\libjpeg-turbo-vs\intermediate\arm\debug\libjpeg-turbo-arm\jerror.o
c:\users\scott\documents\github\libjpeg-turbo-vs\intermediate\arm\debug\libjpeg-turbo-arm\jfdctflt.o
c:\users\scott\documents\github\libjpeg-turbo-vs\intermediate\arm\debug\libjpeg-turbo-arm\jfdctfst.o
c:\users\scott\documents\github\libjpeg-turbo-vs\intermediate\arm\debug\libjpeg-turbo-arm\jfdctint.o
c:\users\scott\documents\github\libjpeg-turbo-vs\intermediate\arm\debug\libjpeg-turbo-arm\jidctflt.o
c:\users\scott\documents\github\libjpeg-turbo-vs\intermediate\arm\debug\libjpeg-turbo-arm\jidctfst.o
c:\users\scott\documents\github\libjpeg-turbo-vs\intermediate\arm\debug\libjpeg-turbo-arm\jidctint.o
c:\users\scott\documents\github\libjpeg-turbo-vs\intermediate\arm\debug\libjpeg-turbo-arm\jidctred.o
c:\users\scott\documents\github\libjpeg-turbo-vs\intermediate\arm\debug\libjpeg-turbo-arm\jmemmgr.o
c:\users\scott\documents\github\libjpeg-turbo-vs\intermediate\arm\debug\libjpeg-turbo-arm\jmemnobs.o
c:\users\scott\documents\github\libjpeg-turbo-vs\intermediate\arm\debug\libjpeg-turbo-arm\jquant1.o
c:\users\scott\documents\github\libjpeg-turbo-vs\intermediate\arm\debug\libjpeg-turbo-arm\jquant2.o
c:\users\scott\documents\github\libjpeg-turbo-vs\intermediate\arm\debug\libjpeg-turbo-arm\jutils.o
c:\users\scott\documents\github\libjpeg-turbo-vs\intermediate\arm\debug\libjpeg-turbo-arm\transupp.o
c:\users\scott\documents\github\libjpeg-turbo-vs\intermediate\arm\debug\libjpeg-turbo-arm\turbojpeg.o
c:\users\scott\documents\github\libjpeg-turbo-vs\intermediate\arm\debug\libjpeg-turbo-arm\libjpeg-.c32daf09.tlog\arm-linux-androideabi-ar.command.1.tlog
c:\users\scott\documents\github\libjpeg-turbo-vs\intermediate\arm\debug\libjpeg-turbo-arm\libjpeg-.c32daf09.tlog\arm-linux-androideabi-ar.read.1.tlog
c:\users\scott\documents\github\libjpeg-turbo-vs\intermediate\arm\debug\libjpeg-turbo-arm\libjpeg-.c32daf09.tlog\arm-linux-androideabi-ar.write.1.tlog
c:\users\scott\documents\github\libjpeg-turbo-vs\intermediate\arm\debug\libjpeg-turbo-arm\libjpeg-.c32daf09.tlog\clang.command.1.tlog
c:\users\scott\documents\github\libjpeg-turbo-vs\intermediate\arm\debug\libjpeg-turbo-arm\libjpeg-.c32daf09.tlog\libjpeg-turbo-arm.write.1u.tlog
c:\users\scott\documents\github\libjpeg-turbo-vs\intermediate\arm\debug\libjpeg-turbo-arm\libjpeg-.c32daf09.tlog\microsoft.build.cpptasks.clangcompile.read.1.tlog
c:\users\scott\documents\github\libjpeg-turbo-vs\intermediate\arm\debug\libjpeg-turbo-arm\libjpeg-.c32daf09.tlog\microsoft.build.cpptasks.clangcompile.write.1.tlog
